Serving on http://0.0.0.0:8080
(press ctrl-C to exit)
 syncer-server-filesystem: Dispatching 'save' task: $:/StoryList 
 syncer-server-filesystem: Dispatching 'save' task: $:/StoryList 
 syncer-server-filesystem: Dispatching 'save' task: Draft of 'Book Summaries' by toreglia 
 syncer-server-filesystem: Dispatching 'delete' task: Draft of 'Book Summaries' by toreglia 
 syncer-server-filesystem: Dispatching 'save' task: Book Summaries 
 syncer-server-filesystem: Dispatching 'save' task: $:/StoryList 
 syncer-server-filesystem: Dispatching 'save' task: $:/StoryList 
 syncer-server-filesystem: Dispatching 'save' task: $:/StoryList 
 syncer-server-filesystem: Dispatching 'load' task: add 2020 wrestling tournament dates to calendar 
 syncer-server-filesystem: Dispatching 'load' task: Add TiddlyWiki Notification / share feature 
 syncer-server-filesystem: Dispatching 'load' task: Age of Turbulence 
 syncer-server-filesystem: Dispatching 'load' task: American History X 
 syncer-server-filesystem: Dispatching 'load' task: Call of the Wild 
 syncer-server-filesystem: Dispatching 'load' task: Connect Tim and Rick on a call about sports writing 
 syncer-server-filesystem: Dispatching 'load' task: Draft of 'get tickets to festival with cai' 
 syncer-server-filesystem: Dispatching 'load' task: Find way to add priority to tasks within tiddlywiki 
 syncer-server-filesystem: Dispatching 'load' task: Get a new cool hat 
 syncer-server-filesystem: Dispatching 'load' task: get a domain name for tiddlywiki 
 syncer-server-filesystem: Dispatching 'load' task: get a proper soap holder for the bathroom 
 syncer-server-filesystem: Dispatching 'load' task: get a scooter or rental account 
 syncer-server-filesystem: Dispatching 'load' task: get a surfboard 
 syncer-server-filesystem: Dispatching 'load' task: Get feedback on website 
 syncer-server-filesystem: Dispatching 'load' task: Get clock for living room 
 syncer-server-filesystem: Dispatching 'load' task: Get frames for pictures 
 syncer-server-filesystem: Dispatching 'load' task: get some cool shirts 
 syncer-server-filesystem: Dispatching 'load' task: hello 
 syncer-server-filesystem: Dispatching 'load' task: Jerry Mcguire 
 syncer-server-filesystem: Dispatching 'load' task: Live 
 syncer-server-filesystem: Dispatching 'load' task: make a list of stuff we need for backpacking 
 syncer-server-filesystem: Dispatching 'load' task: make the meetup presentation 
 syncer-server-filesystem: Dispatching 'load' task: move google keep to tiddlywiki 
 syncer-server-filesystem: Dispatching 'load' task: move rules of the road to tiddlywiki 
 syncer-server-filesystem: Dispatching 'load' task: Old Boy 
 syncer-server-filesystem: Dispatching 'load' task: Patience 
 syncer-server-filesystem: Dispatching 'load' task: password protect this tiddlywiki 
 syncer-server-filesystem: Dispatching 'load' task: Pinnacles National Park, California 
 syncer-server-filesystem: Dispatching 'load' task: rate movies using a DB tiddler 
 syncer-server-filesystem: Dispatching 'load' task: Rain Man 
 syncer-server-filesystem: Dispatching 'load' task: re-arrange living room 
 syncer-server-filesystem: Dispatching 'load' task: Reach out to Luke Anear 
 syncer-server-filesystem: Dispatching 'load' task: SEO 
 syncer-server-filesystem: Dispatching 'load' task: set some tech project goals 
 syncer-server-filesystem: Dispatching 'load' task: take a look at prices for apartments outside of lisbon central 
 syncer-server-filesystem: Dispatching 'load' task: talk to Dante about trip to Lisbon 
 syncer-server-filesystem: Dispatching 'load' task: The Road to Serfdom 
 syncer-server-filesystem: Dispatching 'load' task: Update the default display of the website wiki 
 syncer-server-filesystem: Dispatching 'load' task: Wiplash 
 syncer-server-filesystem: Dispatching 'save' task: $:/StoryList 
